<?xml version="1.0" encoding="UTF-8"?>
<testsuite name="Service.BookServiceTest" tests="5" skipped="0" failures="0" errors="0" timestamp="2014-09-23T04:24:41" hostname="CNjtao.local" time="0.116">
  <properties/>
  <testcase name="should_get_books_by_title" classname="Service.BookServiceTest" time="0.102"/>
  <testcase name="should_get_all_books" classname="Service.BookServiceTest" time="0.003"/>
  <testcase name="should_update_book" classname="Service.BookServiceTest" time="0.003"/>
  <testcase name="should_add_a_book" classname="Service.BookServiceTest" time="0.004"/>
  <testcase name="should_delete_a_book_by_title" classname="Service.BookServiceTest" time="0.003"/>
  <system-out><![CDATA[]]></system-out>
  <system-err><![CDATA[]]></system-err>
</testsuite>
