<?xml version="1.0" encoding="UTF-8"?>
<testsuite name="Dao.BookDaoTest" tests="4" skipped="0" failures="0" errors="0" timestamp="2014-09-24T00:27:00" hostname="CNjtao.local" time="0.785">
  <properties/>
  <testcase name="should_find_book_by_title" classname="Dao.BookDaoTest" time="0.725"/>
  <testcase name="should_add_one_book" classname="Dao.BookDaoTest" time="0.027"/>
  <testcase name="should_delete_book_by_title" classname="Dao.BookDaoTest" time="0.023"/>
  <testcase name="should_update_book_name" classname="Dao.BookDaoTest" time="0.007"/>
  <system-out><![CDATA[[{id=167, title=hello, imagePath=http://img3.douban.com/mpic/s27301840.jpg, author=tom, ISBN=9787544269544, price=11.2}, {id=168, title=hello, imagePath=http://img3.douban.com/mpic/s27301840.jpg, author=tom, ISBN=9787544269544, price=11.2}]
----in dao----------------
[{id=1, title=????, imagePath=http://img3.douban.com/mpic/s27301840.jpg, author=[?]??????, ISBN=9787544269544, price=11.2}, {id=2, title=????, imagePath=http://img3.douban.com/mpic/s27311715.jpg, author=[?]???, ISBN=9787510061257, price=11.2}, {id=3, title=????, imagePath=http://img5.douban.com/mpic/s27326256.jpg, author=[?]??????????, ISBN=9787532154104, price=11.2}, {id=4, title=?????, imagePath=http://img3.douban.com/mpic/s27346872.jpg, author=??, ISBN=9787506374484, price=11.2}, {id=5, title=??, imagePath=http://img3.douban.com/mpic/s27319625.jpg, author=???, ISBN=9787218093819, price=11.2}, {id=6, title=?????, imagePath=http://img3.douban.com/mpic/s27318042.jpg, author=??, ISBN=9787508646251, price=11.2}, {id=7, title=????, imagePath=http://img3.douban.com/mpic/s27329265.jpg, author=????, ISBN=9787302369592, price=11.2}, {id=8, title=???, imagePath=http://img5.douban.com/mpic/s27403126.jpg, author=??? / ???, ISBN=9787539975870, price=11.2}, {id=9, title=?????, imagePath=http://img3.douban.com/mpic/s27409671.jpg, author=[?] ????????, ISBN=9787539957173, price=11.2}, {id=10, title=?????, imagePath=http://img5.douban.com/lpic/s27355709.jpg, author=[?]?????, ISBN=9787550231528, price=11.2}, {id=41, title=hello world, imagePath=http://img3.douban.com/mpic/s27301840.jpg, author=tom, ISBN=9787544269544, price=11.2}, {id=42, title=hello world, imagePath=http://img3.douban.com/mpic/s27301840.jpg, author=tom, ISBN=9787544269544, price=11.2}, {id=43, title=hello world, imagePath=http://img3.douban.com/mpic/s27301840.jpg, author=tom, ISBN=9787544269544, price=11.2}, {id=44, title=hello world, imagePath=http://img3.douban.com/mpic/s27301840.jpg, author=tom, ISBN=9787544269544, price=11.2}, {id=45, title=hello world, imagePath=http://img3.douban.com/mpic/s27301840.jpg, author=tom, ISBN=9787544269544, price=11.2}, {id=167, title=hello, imagePath=http://img3.douban.com/mpic/s27301840.jpg, author=tom, ISBN=9787544269544, price=11.2}, {id=168, title=hello, imagePath=http://img3.douban.com/mpic/s27301840.jpg, author=tom, ISBN=9787544269544, price=11.2}]
----in dao----------------
[{id=1, title=????, imagePath=http://img3.douban.com/mpic/s27301840.jpg, author=[?]??????, ISBN=9787544269544, price=11.2}, {id=2, title=????, imagePath=http://img3.douban.com/mpic/s27311715.jpg, author=[?]???, ISBN=9787510061257, price=11.2}, {id=3, title=????, imagePath=http://img5.douban.com/mpic/s27326256.jpg, author=[?]??????????, ISBN=9787532154104, price=11.2}, {id=4, title=?????, imagePath=http://img3.douban.com/mpic/s27346872.jpg, author=??, ISBN=9787506374484, price=11.2}, {id=5, title=??, imagePath=http://img3.douban.com/mpic/s27319625.jpg, author=???, ISBN=9787218093819, price=11.2}, {id=6, title=?????, imagePath=http://img3.douban.com/mpic/s27318042.jpg, author=??, ISBN=9787508646251, price=11.2}, {id=7, title=????, imagePath=http://img3.douban.com/mpic/s27329265.jpg, author=????, ISBN=9787302369592, price=11.2}, {id=8, title=???, imagePath=http://img5.douban.com/mpic/s27403126.jpg, author=??? / ???, ISBN=9787539975870, price=11.2}, {id=9, title=?????, imagePath=http://img3.douban.com/mpic/s27409671.jpg, author=[?] ????????, ISBN=9787539957173, price=11.2}, {id=10, title=?????, imagePath=http://img5.douban.com/lpic/s27355709.jpg, author=[?]?????, ISBN=9787550231528, price=11.2}, {id=41, title=hello world, imagePath=http://img3.douban.com/mpic/s27301840.jpg, author=tom, ISBN=9787544269544, price=11.2}, {id=42, title=hello world, imagePath=http://img3.douban.com/mpic/s27301840.jpg, author=tom, ISBN=9787544269544, price=11.2}, {id=43, title=hello world, imagePath=http://img3.douban.com/mpic/s27301840.jpg, author=tom, ISBN=9787544269544, price=11.2}, {id=44, title=hello world, imagePath=http://img3.douban.com/mpic/s27301840.jpg, author=tom, ISBN=9787544269544, price=11.2}, {id=45, title=hello world, imagePath=http://img3.douban.com/mpic/s27301840.jpg, author=tom, ISBN=9787544269544, price=11.2}, {id=167, title=hello, imagePath=http://img3.douban.com/mpic/s27301840.jpg, author=tom, ISBN=9787544269544, price=11.2}, {id=168, title=hello, imagePath=http://img3.douban.com/mpic/s27301840.jpg, author=tom, ISBN=9787544269544, price=11.2}, {id=169, title=hello, imagePath=http://img3.douban.com/mpic/s27301840.jpg, author=tom, ISBN=9787544269544, price=11.2}]
]]></system-out>
  <system-err><![CDATA[Sep 24, 2014 8:27:00 AM org.springframework.test.context.TestContextManager retrieveTestExecutionListeners
INFO: Could not instantiate TestExecutionListener [org.springframework.test.context.web.ServletTestExecutionListener]. Specify custom listener classes or make the default listener classes (and their required dependencies) available. Offending class: [javax/servlet/ServletContext]
Sep 24, 2014 8:27:00 AM org.springframework.beans.factory.xml.XmlBeanDefinitionReader loadBeanDefinitions
INFO: Loading XML bean definitions from class path resource [applicationContext.xml]
Sep 24, 2014 8:27:00 AM org.springframework.context.support.GenericApplicationContext prepareRefresh
INFO: Refreshing org.springframework.context.support.GenericApplicationContext@1a2639d1: startup date [Wed Sep 24 08:27:00 CST 2014]; root of context hierarchy
Sep 24, 2014 8:27:00 AM org.springframework.jdbc.datasource.DriverManagerDataSource setDriverClassName
INFO: Loaded JDBC driver: com.mysql.jdbc.Driver
]]></system-err>
</testsuite>
