<?xml version="1.0" encoding="UTF-8"?>
<testsuite name="com.app.Service.BookServiceTest" tests="5" skipped="0" failures="0" errors="0" timestamp="2014-10-13T13:57:05" hostname="192.168.0.108" time="0.123">
  <properties/>
  <testcase name="should_get_books_by_title" classname="com.app.Service.BookServiceTest" time="0.106"/>
  <testcase name="should_get_all_books" classname="com.app.Service.BookServiceTest" time="0.005"/>
  <testcase name="should_update_book" classname="com.app.Service.BookServiceTest" time="0.004"/>
  <testcase name="should_add_a_book" classname="com.app.Service.BookServiceTest" time="0.003"/>
  <testcase name="should_delete_a_book_by_title" classname="com.app.Service.BookServiceTest" time="0.004"/>
  <system-out><![CDATA[]]></system-out>
  <system-err><![CDATA[]]></system-err>
</testsuite>
